#! /usr/bin/vvp
:ivl_version "10.3 (stable)";
:ivl_delay_selection "TYPICAL";
:vpi_time_precision + 0;
:vpi_module "system";
:vpi_module "vhdl_sys";
:vpi_module "v2005_math";
:vpi_module "va_math";
:vpi_module "v2009";
S_0x55fd642176c0 .scope module, "gray2bin_testbench" "gray2bin_testbench" 2 1;
 .timescale 0 0;
v0x55fd642381d0_0 .net "bin_out", 3 0, L_0x55fd6423b000;  1 drivers
v0x55fd64238290_0 .var "gray_in", 3 0;
S_0x55fd64217840 .scope module, "uut" "gray2bin" 2 6, 3 1 0, S_0x55fd642176c0;
 .timescale 0 0;
    .port_info 0 /INPUT 4 "gray"
    .port_info 1 /OUTPUT 4 "bin"
L_0x55fd64238360 .functor NOT 1, L_0x55fd64238430, C4<0>, C4<0>, C4<0>;
L_0x55fd64238520 .functor NOT 1, L_0x55fd642385b0, C4<0>, C4<0>, C4<0>;
L_0x55fd642386a0 .functor NOT 1, L_0x55fd64238740, C4<0>, C4<0>, C4<0>;
L_0x55fd64238830 .functor NOT 1, L_0x55fd64238900, C4<0>, C4<0>, C4<0>;
L_0x55fd642389d0 .functor AND 1, L_0x55fd64238ac0, L_0x55fd64238520, C4<1>, C4<1>;
L_0x55fd64238bb0 .functor AND 1, L_0x55fd64238360, L_0x55fd64238cb0, C4<1>, C4<1>;
L_0x55fd64238de0 .functor AND 1, L_0x55fd64238e50, L_0x55fd64238520, L_0x55fd64238360, C4<1>;
L_0x55fd64238f40 .functor AND 1, L_0x55fd64239080, L_0x55fd642386a0, L_0x55fd64238360, C4<1>;
L_0x55fd64239170 .functor AND 1, L_0x55fd64239270, L_0x55fd64239360, L_0x55fd642394b0, C4<1>;
L_0x55fd64239550 .functor AND 1, L_0x55fd64239620, L_0x55fd642386a0, L_0x55fd64238520, C4<1>;
L_0x55fd64239730 .functor AND 1, L_0x55fd64239890, L_0x55fd642386a0, L_0x55fd64238520, L_0x55fd64238360;
L_0x55fd64239930 .functor AND 1, L_0x55fd64239a70, L_0x55fd64238830, L_0x55fd64238520, L_0x55fd64238360;
L_0x55fd642396c0 .functor AND 1, L_0x55fd64239c10, L_0x55fd64238830, L_0x55fd642386a0, L_0x55fd64238360;
L_0x55fd64239f10 .functor AND 1, L_0x55fd6423a0c0, L_0x55fd6423a240, L_0x55fd6423a330, L_0x55fd64238360;
L_0x55fd64239a00 .functor AND 1, L_0x55fd6423a520, L_0x55fd6423a610, L_0x55fd6423a420, L_0x55fd642386a0;
L_0x55fd6423a800 .functor AND 1, L_0x55fd6423a960, L_0x55fd6423aac0, L_0x55fd6423abb0, L_0x55fd64238830;
L_0x55fd6423ad70 .functor AND 1, L_0x55fd6423ade0, L_0x55fd642386a0, L_0x55fd64238520, L_0x55fd64238830;
L_0x55fd6423aed0 .functor AND 1, L_0x55fd64238520, L_0x55fd6423b0a0, L_0x55fd6423b270, L_0x55fd6423b360;
L_0x55fd6423b540 .functor BUF 1, L_0x55fd6423b5b0, C4<0>, C4<0>, C4<0>;
L_0x55fd6423b6a0 .functor OR 1, L_0x55fd642389d0, L_0x55fd64238bb0, C4<0>, C4<0>;
L_0x55fd6423b860 .functor OR 1, L_0x55fd64238de0, L_0x55fd64238f40, L_0x55fd64239170, L_0x55fd64239550;
L_0x55fd6423bc50/0/0 .functor OR 1, L_0x55fd64239730, L_0x55fd64239930, L_0x55fd642396c0, L_0x55fd64239f10;
L_0x55fd6423bc50/0/4 .functor OR 1, L_0x55fd64239a00, L_0x55fd6423a800, L_0x55fd6423ad70, L_0x55fd6423aed0;
L_0x55fd6423bc50 .functor OR 1, L_0x55fd6423bc50/0/0, L_0x55fd6423bc50/0/4, C4<0>, C4<0>;
v0x55fd64206cf0_0 .net *"_s1", 0 0, L_0x55fd64238430;  1 drivers
v0x55fd642070f0_0 .net *"_s11", 0 0, L_0x55fd64238cb0;  1 drivers
v0x55fd64207580_0 .net *"_s13", 0 0, L_0x55fd64238e50;  1 drivers
v0x55fd642357a0_0 .net *"_s15", 0 0, L_0x55fd64239080;  1 drivers
v0x55fd64235880_0 .net *"_s17", 0 0, L_0x55fd64239270;  1 drivers
v0x55fd642359b0_0 .net *"_s19", 0 0, L_0x55fd64239360;  1 drivers
v0x55fd64235a90_0 .net *"_s21", 0 0, L_0x55fd642394b0;  1 drivers
v0x55fd64235b70_0 .net *"_s23", 0 0, L_0x55fd64239620;  1 drivers
v0x55fd64235c50_0 .net *"_s25", 0 0, L_0x55fd64239890;  1 drivers
v0x55fd64235d30_0 .net *"_s27", 0 0, L_0x55fd64239a70;  1 drivers
v0x55fd64235e10_0 .net *"_s29", 0 0, L_0x55fd64239c10;  1 drivers
v0x55fd64235ef0_0 .net *"_s3", 0 0, L_0x55fd642385b0;  1 drivers
v0x55fd64235fd0_0 .net *"_s31", 0 0, L_0x55fd6423a0c0;  1 drivers
v0x55fd642360b0_0 .net *"_s33", 0 0, L_0x55fd6423a240;  1 drivers
v0x55fd64236190_0 .net *"_s35", 0 0, L_0x55fd6423a330;  1 drivers
v0x55fd64236270_0 .net *"_s37", 0 0, L_0x55fd6423a520;  1 drivers
v0x55fd64236350_0 .net *"_s39", 0 0, L_0x55fd6423a610;  1 drivers
v0x55fd64236430_0 .net *"_s41", 0 0, L_0x55fd6423a420;  1 drivers
v0x55fd64236510_0 .net *"_s43", 0 0, L_0x55fd6423a960;  1 drivers
v0x55fd642365f0_0 .net *"_s45", 0 0, L_0x55fd6423aac0;  1 drivers
v0x55fd642366d0_0 .net *"_s47", 0 0, L_0x55fd6423abb0;  1 drivers
v0x55fd642367b0_0 .net *"_s49", 0 0, L_0x55fd6423ade0;  1 drivers
v0x55fd64236890_0 .net *"_s5", 0 0, L_0x55fd64238740;  1 drivers
v0x55fd64236970_0 .net *"_s51", 0 0, L_0x55fd6423b0a0;  1 drivers
v0x55fd64236a50_0 .net *"_s53", 0 0, L_0x55fd6423b270;  1 drivers
v0x55fd64236b30_0 .net *"_s55", 0 0, L_0x55fd6423b360;  1 drivers
v0x55fd64236c10_0 .net *"_s57", 0 0, L_0x55fd6423b540;  1 drivers
v0x55fd64236cf0_0 .net *"_s60", 0 0, L_0x55fd6423b5b0;  1 drivers
v0x55fd64236dd0_0 .net *"_s61", 0 0, L_0x55fd6423b6a0;  1 drivers
v0x55fd64236eb0_0 .net *"_s63", 0 0, L_0x55fd6423b860;  1 drivers
v0x55fd64236f90_0 .net *"_s65", 0 0, L_0x55fd6423bc50;  1 drivers
v0x55fd64237070_0 .net *"_s7", 0 0, L_0x55fd64238900;  1 drivers
v0x55fd64237150_0 .net *"_s9", 0 0, L_0x55fd64238ac0;  1 drivers
v0x55fd64237230_0 .net "aux_b21", 0 0, L_0x55fd642389d0;  1 drivers
v0x55fd642372f0_0 .net "aux_b22", 0 0, L_0x55fd64238bb0;  1 drivers
v0x55fd642373b0_0 .net "aux_b31", 0 0, L_0x55fd64238de0;  1 drivers
v0x55fd64237470_0 .net "aux_b32", 0 0, L_0x55fd64238f40;  1 drivers
v0x55fd64237530_0 .net "aux_b33", 0 0, L_0x55fd64239170;  1 drivers
v0x55fd642375f0_0 .net "aux_b34", 0 0, L_0x55fd64239550;  1 drivers
v0x55fd642376b0_0 .net "aux_b41", 0 0, L_0x55fd64239730;  1 drivers
v0x55fd64237770_0 .net "aux_b42", 0 0, L_0x55fd64239930;  1 drivers
v0x55fd64237830_0 .net "aux_b43", 0 0, L_0x55fd642396c0;  1 drivers
v0x55fd642378f0_0 .net "aux_b44", 0 0, L_0x55fd64239f10;  1 drivers
v0x55fd642379b0_0 .net "aux_b45", 0 0, L_0x55fd64239a00;  1 drivers
v0x55fd64237a70_0 .net "aux_b46", 0 0, L_0x55fd6423a800;  1 drivers
v0x55fd64237b30_0 .net "aux_b47", 0 0, L_0x55fd6423ad70;  1 drivers
v0x55fd64237bf0_0 .net "aux_b48", 0 0, L_0x55fd6423aed0;  1 drivers
v0x55fd64237cb0_0 .net "bin", 3 0, L_0x55fd6423b000;  alias, 1 drivers
v0x55fd64237d90_0 .net "gray", 3 0, v0x55fd64238290_0;  1 drivers
v0x55fd64237e70_0 .net "not_gray0", 0 0, L_0x55fd64238830;  1 drivers
v0x55fd64237f30_0 .net "not_gray1", 0 0, L_0x55fd642386a0;  1 drivers
v0x55fd64237ff0_0 .net "not_gray2", 0 0, L_0x55fd64238520;  1 drivers
v0x55fd642380b0_0 .net "not_gray3", 0 0, L_0x55fd64238360;  1 drivers
L_0x55fd64238430 .part v0x55fd64238290_0, 3, 1;
L_0x55fd642385b0 .part v0x55fd64238290_0, 2, 1;
L_0x55fd64238740 .part v0x55fd64238290_0, 1, 1;
L_0x55fd64238900 .part v0x55fd64238290_0, 0, 1;
L_0x55fd64238ac0 .part v0x55fd64238290_0, 3, 1;
L_0x55fd64238cb0 .part v0x55fd64238290_0, 2, 1;
L_0x55fd64238e50 .part v0x55fd64238290_0, 1, 1;
L_0x55fd64239080 .part v0x55fd64238290_0, 2, 1;
L_0x55fd64239270 .part v0x55fd64238290_0, 1, 1;
L_0x55fd64239360 .part v0x55fd64238290_0, 2, 1;
L_0x55fd642394b0 .part v0x55fd64238290_0, 3, 1;
L_0x55fd64239620 .part v0x55fd64238290_0, 3, 1;
L_0x55fd64239890 .part v0x55fd64238290_0, 0, 1;
L_0x55fd64239a70 .part v0x55fd64238290_0, 1, 1;
L_0x55fd64239c10 .part v0x55fd64238290_0, 2, 1;
L_0x55fd6423a0c0 .part v0x55fd64238290_0, 1, 1;
L_0x55fd6423a240 .part v0x55fd64238290_0, 2, 1;
L_0x55fd6423a330 .part v0x55fd64238290_0, 0, 1;
L_0x55fd6423a520 .part v0x55fd64238290_0, 2, 1;
L_0x55fd6423a610 .part v0x55fd64238290_0, 0, 1;
L_0x55fd6423a420 .part v0x55fd64238290_0, 3, 1;
L_0x55fd6423a960 .part v0x55fd64238290_0, 2, 1;
L_0x55fd6423aac0 .part v0x55fd64238290_0, 3, 1;
L_0x55fd6423abb0 .part v0x55fd64238290_0, 1, 1;
L_0x55fd6423ade0 .part v0x55fd64238290_0, 3, 1;
L_0x55fd6423b0a0 .part v0x55fd64238290_0, 0, 1;
L_0x55fd6423b270 .part v0x55fd64238290_0, 1, 1;
L_0x55fd6423b360 .part v0x55fd64238290_0, 3, 1;
L_0x55fd6423b5b0 .part v0x55fd64238290_0, 3, 1;
L_0x55fd6423b000 .concat8 [ 1 1 1 1], L_0x55fd6423bc50, L_0x55fd6423b860, L_0x55fd6423b6a0, L_0x55fd6423b540;
    .scope S_0x55fd64217840;
T_0 ;
    %vpi_call/w 3 39 "$monitor", "%b <-> %b", v0x55fd64237d90_0, v0x55fd64237cb0_0 {0 0 0};
    %end;
    .thread T_0;
    .scope S_0x55fd642176c0;
T_1 ;
    %vpi_call/w 2 10 "$dumpfile", "dump.vcd" {0 0 0};
    %vpi_call/w 2 10 "$dumpvars" {0 0 0};
    %vpi_call/w 2 11 "$display", "gray <-> bin" {0 0 0};
    %pushi/vec4 0, 0, 4;
    %store/vec4 v0x55fd64238290_0, 0, 4;
    %delay 1, 0;
    %pushi/vec4 1, 0, 4;
    %store/vec4 v0x55fd64238290_0, 0, 4;
    %delay 1, 0;
    %pushi/vec4 3, 0, 4;
    %store/vec4 v0x55fd64238290_0, 0, 4;
    %delay 1, 0;
    %pushi/vec4 2, 0, 4;
    %store/vec4 v0x55fd64238290_0, 0, 4;
    %delay 1, 0;
    %pushi/vec4 6, 0, 4;
    %store/vec4 v0x55fd64238290_0, 0, 4;
    %delay 1, 0;
    %pushi/vec4 7, 0, 4;
    %store/vec4 v0x55fd64238290_0, 0, 4;
    %delay 1, 0;
    %pushi/vec4 5, 0, 4;
    %store/vec4 v0x55fd64238290_0, 0, 4;
    %delay 1, 0;
    %pushi/vec4 4, 0, 4;
    %store/vec4 v0x55fd64238290_0, 0, 4;
    %delay 1, 0;
    %pushi/vec4 12, 0, 4;
    %store/vec4 v0x55fd64238290_0, 0, 4;
    %delay 1, 0;
    %pushi/vec4 13, 0, 4;
    %store/vec4 v0x55fd64238290_0, 0, 4;
    %delay 1, 0;
    %pushi/vec4 15, 0, 4;
    %store/vec4 v0x55fd64238290_0, 0, 4;
    %delay 1, 0;
    %pushi/vec4 14, 0, 4;
    %store/vec4 v0x55fd64238290_0, 0, 4;
    %delay 1, 0;
    %pushi/vec4 10, 0, 4;
    %store/vec4 v0x55fd64238290_0, 0, 4;
    %delay 1, 0;
    %pushi/vec4 11, 0, 4;
    %store/vec4 v0x55fd64238290_0, 0, 4;
    %delay 1, 0;
    %pushi/vec4 9, 0, 4;
    %store/vec4 v0x55fd64238290_0, 0, 4;
    %delay 1, 0;
    %pushi/vec4 8, 0, 4;
    %store/vec4 v0x55fd64238290_0, 0, 4;
    %delay 1, 0;
    %end;
    .thread T_1;
# The file index is used to find the file name in the following table.
:file_names 4;
    "N/A";
    "<interactive>";
    "testbench.sv";
    "design.sv";
